1. eltex-pgl-v6@eltex-2025-summer:~$  screen - ls
There are screens on:
        39785. whoami part2     (07/07/2025 11:58:44 AM)        (Attached)
        23076.pts-93.eltex-2025-summer (07/07/2025 11:30:42 AM) (Detached)
        8318.top        (07/07/2025 11:12:05 AM)        (Detached)
        1399.pts-5.eltex-2025- summer   (07/07/2025 10:34:36 AM) (Detached)
4 Sockets in /run/screen/S-eltex-pg1-v6.
eltex-pgl-v6@eltex-2025-summer:~$

2. eltex-pg1-v6@eltex-2025 - summer:~$ ls
ls      lsblk   lscpu   lsinitramfs     lsirq   lslogins        lsmod   lsof    lsusb
lsattr  lsb_release     lsfd    lsipc   lslocks lsmem   lsns    lspci
eltex-pgl-v6@eltex-2025-summer: -$

3.eltex-pg1-v6@eltex-2025 - summer:~$ compgen -v HIST
HISTCMD
HISTCONTROL
HISTFILE
HISTFILESIZE
HISTSIZE

4.eltex-pg1-v6@eltex-2025 - summer:~$ echo -v $HISTSIZE
-v 1000

5.eltex-pg1-v6@eltex-2025 - summer:~$ ls .
./      .bash_history   .bashrc         .local/         .viminfo
../     .bash_logout    .config/        .profile

6. 20 2025-07-07 12:15:57 screen -r 23076
21 2025-07-07 12:15:57 screen -ls
22 2025-07-07 12:15:57 screen -r 23076
23 2025-07-07 12:15:57 screen -ls
24 2025-07-07 12:15:57 screen -r 1399
25 2025-07-07 12:15:57 screen -ls
26 2025-07-07 12:15:57 screen -ls
27 2025-07-07 12:15:57 screen -r 1399
28 2025-07-07 12:16:20 compgen -v HIST
29 2025-07-07 12:16:36 nano eltex-pg1-v6_part.log
30 2025-07-07 12:20:36 script "$USER_part2"
31 2025-07-07 12:20:52 ls
32 2025-07-07 12:21:07 cat @USER_part.log
33 2025-07-07 12:21:13 cat eltex-pg1-v6_part.log
34 2025-07-07 12:21:43 compgen -v HIST
35 2025-07-07 12:23:40 echo -v $HISTSIZE
36 2025-07-07 12:26:12 cat .bash_history
37 2025-07-07 12:28:37 man date
38 2025-07-07 12:28:54 cat .bash_history
39 2025-07-07 12:29:07 history
40 2025-07-07 12:29:58 nano .bashrc
41 2025-07-07 12:31:06 export HISTTIMEFORMAT='%F %T '
42 2025-07-07 12:31:09 history
eltex-pg1-v6@eltex-2025 - summer:~$
7. eltex-pg1-v6@eltex-2025 - summer:~$ date
Mon Jul 7 12:35:25 PM +07 2025

45 2025-07-07 12:35:25 date
46 2025-0707 12:35:46 history

eltex-pg1-v6@eltex-2025 - summer:~$ hash
hits    command
   1    /usr/bin/man
   1    /usr/bin/ls
   1    /usr/bin/script
   2    /usr/bin/nano
   2    /usr/bin/date
   4    /usr/bin/cat

51 2025-07-07 12:45:05 PROMPT_COMMAND='history -a'
52 2025-07-07 12:45:10 history

10.eltex-pg1-v6@eltex-2025 - summer:~$ DATE=$(date +%Y-%m-%d)
eltex-pg1-v6@eltex-2025 - summer:~$ echo $DATE
2025-07-07

11. eltex-pg1-v6@eltex-2025 - summer:~$ TIME=$(date +%H:%M:%S)
eltex-pg1-v6@eltex-2025 - summer:~$ echo $TIME
12:53:14

12.eltex-pg1-v6@eltex-2025 - summer:~$ DATE_TIME="$DATE $TIME"
eltex-pg1-v6@eltex-2025 - summer:~$ echo $DATE_TIME

13. x86_64-linux-gnu-lto-dump-12
x86_64-linux-gnu-nm
x86_64-linux-gnu-objcopy
x86_64-linux-gnu-objdump
X86_64-linux-gnu-ranlib
x86_64-linux-gnu-readelf
x86_64-linux-gnu-size
x86_64-linux-gnu-strings
x86_64-linux-gnu-strip
dumpe2fs
e2freefrag
e2fsck
e2image
e2label
e2mmpstatus
e2scrub
e2scrub_all
e2undo
e4crypt
e4defrag
fsck.ext2
fsck.ext3
fsck.ext4
killall5
mke2fs
mkfs.ext2
mkfs.ext3
mkfs.ext4
resize2fs
tune2fs
update-grub2
eltex-pg1-v6@eltex-2025-summer:~$ ls -1 /bin/* /sbin/* | grep -E '[0-9]' | grep -o '[*/]*$'l

14.eltex-pg1-v6@eltex-2025-summer:~$ export PS1='\u@\h-$(date +%H:%M)$ '
eltex-pg1-v6@eltex-2025-summer-14:41$

15.eltex-pg1-v6@eltex-2025-summer:~$ PS1='\u@\h-$(date +%H:%M)>'
eltex-pg1-v6@eltex-2025-summer-16:06>echo "PS1='\u@\h-$(date +%H:%M)> '" >> ~/bashrc
eltex-pg1-v6@eltex-2025-summer-16:08>bash

16.eltex-pg1-v6@eltex-2025-summer-16:08> for m in {01..12}; do mkdir -p ~/$(date +%Y)-$m; done
eltex-pg1-v6@eltex-2025-summer-16:08> ls
2025-01 2025-03 2025-05 2025-07 2025-09 2025-11 report_part1.txt
2025-02 2025-04 2025-06 2025-08 2025-10 2025-12 eltex-pg1-v6_part.log
